2024-09-04 07:25:05.269 [info] [main] Log level: Info
2024-09-04 07:25:05.269 [info] [main] Validating found git in: "git"
2024-09-04 07:25:05.269 [info] [main] Using git "2.34.1" from "git"
2024-09-04 07:25:05.269 [info] [Model][doInitialScan] Initial repository scan started
2024-09-04 07:25:05.269 [info] > git rev-parse --show-toplevel [1ms]
2024-09-04 07:25:05.269 [info] > git rev-parse --git-dir --git-common-dir [1ms]
2024-09-04 07:25:05.273 [info] [Model][openRepository] Opened repository: /var/www/html/laundry
2024-09-04 07:25:05.279 [info] > git config --get commit.template [4ms]
2024-09-04 07:25:05.280 [info] > git for-each-ref --format=%(refname)%00%(upstream:short)%00%(objectname)%00%(upstream:track)%00%(upstream:remotename)%00%(upstream:remoteref) refs/heads/main refs/remotes/main [1ms]
2024-09-04 07:25:05.280 [info] > git rev-parse --show-toplevel [3ms]
2024-09-04 07:25:05.284 [info] > git rev-parse --show-toplevel [3ms]
2024-09-04 07:25:05.289 [info] > git rev-parse --show-toplevel [1ms]
2024-09-04 07:25:05.291 [info] > git status -z -uall [4ms]
2024-09-04 07:25:05.301 [info] > git for-each-ref --format=%(refname)%00%(upstream:short)%00%(objectname)%00%(upstream:track)%00%(upstream:remotename)%00%(upstream:remoteref) refs/heads/main refs/remotes/main [7ms]
2024-09-04 07:25:05.304 [info] > git rev-parse --show-toplevel [14ms]
2024-09-04 07:25:05.318 [info] > git config --local branch.main.vscode-merge-base [13ms]
2024-09-04 07:25:05.318 [warning] [Git][config] git config failed: Failed to execute git
2024-09-04 07:25:05.320 [info] > git config --get commit.template [19ms]
2024-09-04 07:25:05.321 [info] > git reflog main --grep-reflog=branch: Created from *. [2ms]
2024-09-04 07:25:05.323 [info] > git rev-parse --show-toplevel [5ms]
2024-09-04 07:25:05.328 [info] > git symbolic-ref --short refs/remotes/origin/HEAD [6ms]
2024-09-04 07:25:05.328 [info] fatal: ref refs/remotes/origin/HEAD is not a symbolic ref
2024-09-04 07:25:05.330 [info] > git rev-parse --show-toplevel [3ms]
2024-09-04 07:25:05.330 [info] > git for-each-ref --format=%(refname)%00%(upstream:short)%00%(objectname)%00%(upstream:track)%00%(upstream:remotename)%00%(upstream:remoteref) refs/heads/main refs/remotes/main [4ms]
2024-09-04 07:25:05.358 [info] > git merge-base refs/heads/main refs/remotes/origin/main [29ms]
2024-09-04 07:25:05.372 [info] > git rev-list --count --left-right refs/heads/main...refs/remotes/origin/main [12ms]
2024-09-04 07:25:05.374 [info] > git rev-parse --show-toplevel [18ms]
2024-09-04 07:25:05.395 [info] > git diff --name-status -z --diff-filter=ADMR 7b880b17fc5677f5646a0f199bac3887ed6b886f...refs/remotes/origin/main [21ms]
2024-09-04 07:25:05.397 [info] > git rev-parse --show-toplevel [2ms]
2024-09-04 07:25:05.399 [info] > git rev-parse --show-toplevel [0ms]
2024-09-04 07:25:05.401 [info] > git status -z -uall [4ms]
2024-09-04 07:25:05.406 [info] > git for-each-ref --format=%(refname)%00%(upstream:short)%00%(objectname)%00%(upstream:track)%00%(upstream:remotename)%00%(upstream:remoteref) refs/heads/main refs/remotes/main [3ms]
2024-09-04 07:25:05.408 [info] > git rev-parse --show-toplevel [7ms]
2024-09-04 07:25:05.409 [info] > git config --local branch.main.vscode-merge-base [2ms]
2024-09-04 07:25:05.409 [warning] [Git][config] git config failed: Failed to execute git
2024-09-04 07:25:05.411 [info] > git rev-parse --show-toplevel [2ms]
2024-09-04 07:25:05.412 [info] [Model][doInitialScan] Initial repository scan completed - repositories (1), closed repositories (0), parent repositories (0), unsafe repositories (0)
2024-09-04 07:25:05.412 [info] > git reflog main --grep-reflog=branch: Created from *. [1ms]
2024-09-04 07:25:05.414 [info] > git symbolic-ref --short refs/remotes/origin/HEAD [1ms]
2024-09-04 07:25:05.414 [info] fatal: ref refs/remotes/origin/HEAD is not a symbolic ref
2024-09-04 07:25:05.824 [info] > git check-ignore -v -z --stdin [1ms]
2024-09-04 07:25:09.286 [info] > git config --get commit.template [4ms]
2024-09-04 07:25:09.289 [info] > git for-each-ref --format=%(refname)%00%(upstream:short)%00%(objectname)%00%(upstream:track)%00%(upstream:remotename)%00%(upstream:remoteref) refs/heads/main refs/remotes/main [3ms]
2024-09-04 07:25:09.303 [info] > git status -z -uall [5ms]
2024-09-04 07:25:09.322 [info] > git for-each-ref --format=%(refname)%00%(upstream:short)%00%(objectname)%00%(upstream:track)%00%(upstream:remotename)%00%(upstream:remoteref) refs/heads/main refs/remotes/main [10ms]
2024-09-04 07:25:09.328 [info] > git config --local branch.main.vscode-merge-base [2ms]
2024-09-04 07:25:09.328 [warning] [Git][config] git config failed: Failed to execute git
2024-09-04 07:25:09.331 [info] > git reflog main --grep-reflog=branch: Created from *. [1ms]
2024-09-04 07:25:09.333 [info] > git symbolic-ref --short refs/remotes/origin/HEAD [1ms]
2024-09-04 07:25:09.333 [info] fatal: ref refs/remotes/origin/HEAD is not a symbolic ref
2024-09-04 07:25:14.324 [info] > git config --get commit.template [2ms]
2024-09-04 07:25:14.325 [info] > git for-each-ref --format=%(refname)%00%(upstream:short)%00%(objectname)%00%(upstream:track)%00%(upstream:remotename)%00%(upstream:remoteref) refs/heads/main refs/remotes/main [1ms]
2024-09-04 07:25:14.329 [info] > git status -z -uall [3ms]
2024-09-04 07:25:14.334 [info] > git for-each-ref --format=%(refname)%00%(upstream:short)%00%(objectname)%00%(upstream:track)%00%(upstream:remotename)%00%(upstream:remoteref) refs/heads/main refs/remotes/main [2ms]
2024-09-04 07:25:14.337 [info] > git config --local branch.main.vscode-merge-base [1ms]
2024-09-04 07:25:14.337 [warning] [Git][config] git config failed: Failed to execute git
2024-09-04 07:25:14.339 [info] > git reflog main --grep-reflog=branch: Created from *. [0ms]
2024-09-04 07:25:14.341 [info] > git symbolic-ref --short refs/remotes/origin/HEAD [0ms]
2024-09-04 07:25:14.341 [info] fatal: ref refs/remotes/origin/HEAD is not a symbolic ref
